<?xml version="1.0" encoding="UTF-8"?>
<coverage generated="1689602251857" clover="3.2.0">
  <project timestamp="1689602251857" name="All files">
    <metrics statements="7" coveredstatements="7" conditionals="1" coveredconditionals="0" methods="2" coveredmethods="2" elements="10" coveredelements="9" complexity="0" loc="7" ncloc="7" packages="2" files="2" classes="2"/>
    <package name="Button">
      <metrics statements="4" coveredstatements="4" conditionals="1" coveredconditionals="0" methods="1" coveredmethods="1"/>
      <file name="index.jsx" path="/Dados/Projetos/curso-reactjs-nextjs/src/components/Button/index.jsx">
        <metrics statements="4" coveredstatements="4" conditionals="1" coveredconditionals="0" methods="1" coveredmethods="1"/>
        <line num="5" count="1" type="cond" truecount="0" falsecount="1"/>
        <line num="6" count="5" type="stmt"/>
        <line num="11" count="1" type="stmt"/>
        <line num="15" count="1" type="stmt"/>
      </file>
    </package>
    <package name="TextInput">
      <metrics statements="3" coveredstatements="3" conditionals="0" coveredconditionals="0" methods="1" coveredmethods="1"/>
      <file name="index.jsx" path="/Dados/Projetos/curso-reactjs-nextjs/src/components/TextInput/index.jsx">
        <metrics statements="3" coveredstatements="3" conditionals="0" coveredconditionals="0" methods="1" coveredmethods="1"/>
        <line num="4" count="1" type="stmt"/>
        <line num="5" count="3" type="stmt"/>
        <line num="16" count="1" type="stmt"/>
      </file>
    </package>
  </project>
</coverage>
