{"/Dados/Projetos/curso-reactjs-nextjs/src/index.js": {"path":"/Dados/Projetos/curso-reactjs-nextjs/src/index.js","statementMap":{"0":{"start":{"line":8,"column":13},"end":{"line":8,"column":65}},"1":{"start":{"line":9,"column":0},"end":{"line":13,"column":2}}},"fnMap":{},"branchMap":{},"s":{"0":0,"1":0},"f":{},"b":{}}
,"/Dados/Projetos/curso-reactjs-nextjs/src/components/Button/index.jsx": {"path":"/Dados/Projetos/curso-reactjs-nextjs/src/components/Button/index.jsx","statementMap":{"0":{"start":{"line":5,"column":22},"end":{"line":9,"column":1}},"1":{"start":{"line":6,"column":2},"end":{"line":8,"column":11}},"2":{"start":{"line":11,"column":0},"end":{"line":13,"column":2}},"3":{"start":{"line":15,"column":0},"end":{"line":19,"column":2}}},"fnMap":{"0":{"name":"(anonymous_0)","decl":{"start":{"line":5,"column":22},"end":{"line":5,"column":23}},"loc":{"start":{"line":6,"column":2},"end":{"line":8,"column":11}},"line":6}},"branchMap":{"0":{"loc":{"start":{"line":5,"column":40},"end":{"line":5,"column":56}},"type":"default-arg","locations":[{"start":{"line":5,"column":51},"end":{"line":5,"column":56}}],"line":5}},"s":{"0":2,"1":12,"2":2,"3":2},"f":{"0":12},"b":{"0":[0]},"_coverageSchema":"1a1c01bbd47fc00a2c39e90264f33305004495a9","hash":"6938e188548a4dd1fc0ea989661d2e477b4c497b"}
,"/Dados/Projetos/curso-reactjs-nextjs/src/components/PostCard/index.jsx": {"path":"/Dados/Projetos/curso-reactjs-nextjs/src/components/PostCard/index.jsx","statementMap":{"0":{"start":{"line":4,"column":24},"end":{"line":15,"column":1}},"1":{"start":{"line":5,"column":2},"end":{"line":14,"column":8}},"2":{"start":{"line":17,"column":0},"end":{"line":22,"column":2}}},"fnMap":{"0":{"name":"(anonymous_0)","decl":{"start":{"line":4,"column":24},"end":{"line":4,"column":25}},"loc":{"start":{"line":5,"column":2},"end":{"line":14,"column":8}},"line":5}},"branchMap":{},"s":{"0":3,"1":36,"2":3},"f":{"0":36},"b":{},"_coverageSchema":"1a1c01bbd47fc00a2c39e90264f33305004495a9","hash":"c496cc6d281e1a601c7f46354106f4f023be87b4"}
,"/Dados/Projetos/curso-reactjs-nextjs/src/components/PostCard/mock.js": {"path":"/Dados/Projetos/curso-reactjs-nextjs/src/components/PostCard/mock.js","statementMap":{"0":{"start":{"line":1,"column":33},"end":{"line":6,"column":1}}},"fnMap":{},"branchMap":{},"s":{"0":1},"f":{},"b":{},"_coverageSchema":"1a1c01bbd47fc00a2c39e90264f33305004495a9","hash":"06689353951a201661ee865fa69079fae83ba928"}
,"/Dados/Projetos/curso-reactjs-nextjs/src/components/Posts/index.jsx": {"path":"/Dados/Projetos/curso-reactjs-nextjs/src/components/Posts/index.jsx","statementMap":{"0":{"start":{"line":7,"column":21},"end":{"line":13,"column":1}},"1":{"start":{"line":8,"column":2},"end":{"line":12,"column":8}},"2":{"start":{"line":10,"column":6},"end":{"line":10,"column":100}},"3":{"start":{"line":18,"column":0},"end":{"line":20,"column":2}},"4":{"start":{"line":25,"column":0},"end":{"line":34,"column":2}}},"fnMap":{"0":{"name":"(anonymous_0)","decl":{"start":{"line":7,"column":21},"end":{"line":7,"column":22}},"loc":{"start":{"line":8,"column":2},"end":{"line":12,"column":8}},"line":8},"1":{"name":"(anonymous_1)","decl":{"start":{"line":9,"column":15},"end":{"line":9,"column":16}},"loc":{"start":{"line":10,"column":6},"end":{"line":10,"column":100}},"line":10}},"branchMap":{"0":{"loc":{"start":{"line":7,"column":24},"end":{"line":7,"column":34}},"type":"default-arg","locations":[{"start":{"line":7,"column":32},"end":{"line":7,"column":34}}],"line":7}},"s":{"0":2,"1":13,"2":34,"3":2,"4":2},"f":{"0":13,"1":34},"b":{"0":[0]},"_coverageSchema":"1a1c01bbd47fc00a2c39e90264f33305004495a9","hash":"8a848e822e25700d8166ed476bb719e2efe3408e"}
,"/Dados/Projetos/curso-reactjs-nextjs/src/components/TextInput/index.jsx": {"path":"/Dados/Projetos/curso-reactjs-nextjs/src/components/TextInput/index.jsx","statementMap":{"0":{"start":{"line":4,"column":25},"end":{"line":14,"column":1}},"1":{"start":{"line":5,"column":2},"end":{"line":13,"column":4}},"2":{"start":{"line":16,"column":0},"end":{"line":19,"column":2}}},"fnMap":{"0":{"name":"(anonymous_0)","decl":{"start":{"line":4,"column":25},"end":{"line":4,"column":26}},"loc":{"start":{"line":4,"column":60},"end":{"line":14,"column":1}},"line":4}},"branchMap":{},"s":{"0":2,"1":35,"2":2},"f":{"0":35},"b":{},"_coverageSchema":"1a1c01bbd47fc00a2c39e90264f33305004495a9","hash":"c84b06b0d0a0bc7264e0c155f8c485a4996cf75e"}
,"/Dados/Projetos/curso-reactjs-nextjs/src/templates/Home/index.jsx": {"path":"/Dados/Projetos/curso-reactjs-nextjs/src/templates/Home/index.jsx","statementMap":{"0":{"start":{"line":10,"column":20},"end":{"line":67,"column":1}},"1":{"start":{"line":11,"column":28},"end":{"line":11,"column":40}},"2":{"start":{"line":12,"column":34},"end":{"line":12,"column":46}},"3":{"start":{"line":13,"column":26},"end":{"line":13,"column":37}},"4":{"start":{"line":14,"column":25},"end":{"line":14,"column":37}},"5":{"start":{"line":15,"column":40},"end":{"line":15,"column":52}},"6":{"start":{"line":17,"column":26},"end":{"line":22,"column":8}},"7":{"start":{"line":18,"column":27},"end":{"line":18,"column":44}},"8":{"start":{"line":20,"column":4},"end":{"line":20,"column":55}},"9":{"start":{"line":21,"column":4},"end":{"line":21,"column":32}},"10":{"start":{"line":24,"column":2},"end":{"line":27,"column":38}},"11":{"start":{"line":25,"column":4},"end":{"line":25,"column":52}},"12":{"start":{"line":26,"column":4},"end":{"line":26,"column":37}},"13":{"start":{"line":29,"column":24},"end":{"line":37,"column":3}},"14":{"start":{"line":30,"column":21},"end":{"line":30,"column":40}},"15":{"start":{"line":31,"column":22},"end":{"line":31,"column":71}},"16":{"start":{"line":33,"column":4},"end":{"line":33,"column":29}},"17":{"start":{"line":35,"column":4},"end":{"line":35,"column":20}},"18":{"start":{"line":36,"column":4},"end":{"line":36,"column":22}},"19":{"start":{"line":39,"column":23},"end":{"line":42,"column":3}},"20":{"start":{"line":40,"column":22},"end":{"line":40,"column":30}},"21":{"start":{"line":41,"column":4},"end":{"line":41,"column":26}},"22":{"start":{"line":44,"column":22},"end":{"line":44,"column":60}},"23":{"start":{"line":45,"column":24},"end":{"line":49,"column":11}},"24":{"start":{"line":47,"column":8},"end":{"line":47,"column":76}},"25":{"start":{"line":51,"column":2},"end":{"line":66,"column":4}}},"fnMap":{"0":{"name":"(anonymous_0)","decl":{"start":{"line":10,"column":20},"end":{"line":10,"column":21}},"loc":{"start":{"line":10,"column":26},"end":{"line":67,"column":1}},"line":10},"1":{"name":"(anonymous_1)","decl":{"start":{"line":17,"column":38},"end":{"line":17,"column":39}},"loc":{"start":{"line":17,"column":68},"end":{"line":22,"column":3}},"line":17},"2":{"name":"(anonymous_2)","decl":{"start":{"line":24,"column":12},"end":{"line":24,"column":13}},"loc":{"start":{"line":24,"column":18},"end":{"line":27,"column":3}},"line":24},"3":{"name":"(anonymous_3)","decl":{"start":{"line":29,"column":24},"end":{"line":29,"column":25}},"loc":{"start":{"line":29,"column":30},"end":{"line":37,"column":3}},"line":29},"4":{"name":"(anonymous_4)","decl":{"start":{"line":39,"column":23},"end":{"line":39,"column":24}},"loc":{"start":{"line":39,"column":30},"end":{"line":42,"column":3}},"line":39},"5":{"name":"(anonymous_5)","decl":{"start":{"line":46,"column":22},"end":{"line":46,"column":23}},"loc":{"start":{"line":46,"column":32},"end":{"line":48,"column":7}},"line":46}},"branchMap":{"0":{"loc":{"start":{"line":45,"column":24},"end":{"line":49,"column":11}},"type":"cond-expr","locations":[{"start":{"line":46,"column":6},"end":{"line":48,"column":8}},{"start":{"line":49,"column":6},"end":{"line":49,"column":11}}],"line":45},"1":{"loc":{"start":{"line":54,"column":9},"end":{"line":54,"column":62}},"type":"binary-expr","locations":[{"start":{"line":54,"column":9},"end":{"line":54,"column":22}},{"start":{"line":54,"column":26},"end":{"line":54,"column":62}}],"line":54},"2":{"loc":{"start":{"line":58,"column":7},"end":{"line":58,"column":66}},"type":"binary-expr","locations":[{"start":{"line":58,"column":7},"end":{"line":58,"column":31}},{"start":{"line":58,"column":35},"end":{"line":58,"column":66}}],"line":58},"3":{"loc":{"start":{"line":60,"column":7},"end":{"line":60,"column":61}},"type":"binary-expr","locations":[{"start":{"line":60,"column":7},"end":{"line":60,"column":33}},{"start":{"line":60,"column":37},"end":{"line":60,"column":61}}],"line":60},"4":{"loc":{"start":{"line":63,"column":9},"end":{"line":63,"column":105}},"type":"binary-expr","locations":[{"start":{"line":63,"column":9},"end":{"line":63,"column":21}},{"start":{"line":63,"column":25},"end":{"line":63,"column":105}}],"line":63}},"s":{"0":1,"1":33,"2":32,"3":32,"4":32,"5":32,"6":32,"7":3,"8":3,"9":3,"10":32,"11":3,"12":3,"13":32,"14":0,"15":0,"16":0,"17":0,"18":0,"19":32,"20":26,"21":26,"22":32,"23":32,"24":75,"25":32},"f":{"0":33,"1":3,"2":3,"3":0,"4":26,"5":75},"b":{"0":[25,7],"1":[32,25],"2":[32,10],"3":[32,22],"4":[32,7]},"_coverageSchema":"1a1c01bbd47fc00a2c39e90264f33305004495a9","hash":"0d7a99d969144b8f35c6c95d5a368163e0428afd"}
,"/Dados/Projetos/curso-reactjs-nextjs/src/utils/load-posts.js": {"path":"/Dados/Projetos/curso-reactjs-nextjs/src/utils/load-posts.js","statementMap":{"0":{"start":{"line":1,"column":25},"end":{"line":15,"column":1}},"1":{"start":{"line":2,"column":24},"end":{"line":2,"column":75}},"2":{"start":{"line":3,"column":25},"end":{"line":3,"column":77}},"3":{"start":{"line":5,"column":26},"end":{"line":5,"column":76}},"4":{"start":{"line":7,"column":20},"end":{"line":7,"column":38}},"5":{"start":{"line":8,"column":21},"end":{"line":8,"column":40}},"6":{"start":{"line":10,"column":25},"end":{"line":12,"column":4}},"7":{"start":{"line":11,"column":4},"end":{"line":11,"column":53}},"8":{"start":{"line":14,"column":2},"end":{"line":14,"column":24}}},"fnMap":{"0":{"name":"(anonymous_0)","decl":{"start":{"line":1,"column":25},"end":{"line":1,"column":26}},"loc":{"start":{"line":1,"column":37},"end":{"line":15,"column":1}},"line":1},"1":{"name":"(anonymous_1)","decl":{"start":{"line":10,"column":39},"end":{"line":10,"column":40}},"loc":{"start":{"line":10,"column":56},"end":{"line":12,"column":3}},"line":10}},"branchMap":{},"s":{"0":1,"1":3,"2":3,"3":3,"4":3,"5":3,"6":3,"7":9,"8":3},"f":{"0":3,"1":9},"b":{},"_coverageSchema":"1a1c01bbd47fc00a2c39e90264f33305004495a9","hash":"c6f7a49c47533b434c012b6ec6231389ba030f3a"}
}
