{"/Dados/Projetos/curso-reactjs-nextjs/src/components/Button/index.jsx": {"path":"/Dados/Projetos/curso-reactjs-nextjs/src/components/Button/index.jsx","statementMap":{"0":{"start":{"line":5,"column":22},"end":{"line":9,"column":1}},"1":{"start":{"line":6,"column":2},"end":{"line":8,"column":11}},"2":{"start":{"line":11,"column":0},"end":{"line":13,"column":2}},"3":{"start":{"line":15,"column":0},"end":{"line":19,"column":2}}},"fnMap":{"0":{"name":"(anonymous_0)","decl":{"start":{"line":5,"column":22},"end":{"line":5,"column":23}},"loc":{"start":{"line":6,"column":2},"end":{"line":8,"column":11}},"line":6}},"branchMap":{"0":{"loc":{"start":{"line":5,"column":40},"end":{"line":5,"column":56}},"type":"default-arg","locations":[{"start":{"line":5,"column":51},"end":{"line":5,"column":56}}],"line":5}},"s":{"0":1,"1":5,"2":1,"3":1},"f":{"0":5},"b":{"0":[0]},"_coverageSchema":"1a1c01bbd47fc00a2c39e90264f33305004495a9","hash":"6938e188548a4dd1fc0ea989661d2e477b4c497b"}
,"/Dados/Projetos/curso-reactjs-nextjs/src/components/TextInput/index.jsx": {"path":"/Dados/Projetos/curso-reactjs-nextjs/src/components/TextInput/index.jsx","statementMap":{"0":{"start":{"line":4,"column":25},"end":{"line":14,"column":1}},"1":{"start":{"line":5,"column":2},"end":{"line":13,"column":4}},"2":{"start":{"line":16,"column":0},"end":{"line":19,"column":2}}},"fnMap":{"0":{"name":"(anonymous_0)","decl":{"start":{"line":4,"column":25},"end":{"line":4,"column":26}},"loc":{"start":{"line":4,"column":60},"end":{"line":14,"column":1}},"line":4}},"branchMap":{},"s":{"0":1,"1":3,"2":1},"f":{"0":3},"b":{},"_coverageSchema":"1a1c01bbd47fc00a2c39e90264f33305004495a9","hash":"c84b06b0d0a0bc7264e0c155f8c485a4996cf75e"}
}
