TN:
SF:src/index.js
FNF:0
FNH:0
DA:8,0
DA:9,0
LF:2
LH:0
BRF:0
BRH:0
end_of_record
TN:
SF:src/components/Button/index.jsx
FN:5,(anonymous_0)
FNF:1
FNH:1
FNDA:12,(anonymous_0)
DA:5,2
DA:6,12
DA:11,2
DA:15,2
LF:4
LH:4
BRDA:5,0,0,0
BRF:1
BRH:0
end_of_record
TN:
SF:src/components/PostCard/index.jsx
FN:4,(anonymous_0)
FNF:1
FNH:1
FNDA:36,(anonymous_0)
DA:4,3
DA:5,36
DA:17,3
LF:3
LH:3
BRF:0
BRH:0
end_of_record
TN:
SF:src/components/PostCard/mock.js
FNF:0
FNH:0
DA:1,1
LF:1
LH:1
BRF:0
BRH:0
end_of_record
TN:
SF:src/components/Posts/index.jsx
FN:7,(anonymous_0)
FN:9,(anonymous_1)
FNF:2
FNH:2
FNDA:13,(anonymous_0)
FNDA:34,(anonymous_1)
DA:7,2
DA:8,13
DA:10,34
DA:18,2
DA:25,2
LF:5
LH:5
BRDA:7,0,0,0
BRF:1
BRH:0
end_of_record
TN:
SF:src/components/TextInput/index.jsx
FN:4,(anonymous_0)
FNF:1
FNH:1
FNDA:35,(anonymous_0)
DA:4,2
DA:5,35
DA:16,2
LF:3
LH:3
BRF:0
BRH:0
end_of_record
TN:
SF:src/templates/Home/index.jsx
FN:10,(anonymous_0)
FN:17,(anonymous_1)
FN:24,(anonymous_2)
FN:29,(anonymous_3)
FN:39,(anonymous_4)
FN:46,(anonymous_5)
FNF:6
FNH:5
FNDA:33,(anonymous_0)
FNDA:3,(anonymous_1)
FNDA:3,(anonymous_2)
FNDA:0,(anonymous_3)
FNDA:26,(anonymous_4)
FNDA:75,(anonymous_5)
DA:10,1
DA:11,33
DA:12,32
DA:13,32
DA:14,32
DA:15,32
DA:17,32
DA:18,3
DA:20,3
DA:21,3
DA:24,32
DA:25,3
DA:26,3
DA:29,32
DA:30,0
DA:31,0
DA:33,0
DA:35,0
DA:36,0
DA:39,32
DA:40,26
DA:41,26
DA:44,32
DA:45,32
DA:47,75
DA:51,32
LF:26
LH:21
BRDA:45,0,0,25
BRDA:45,0,1,7
BRDA:54,1,0,32
BRDA:54,1,1,25
BRDA:58,2,0,32
BRDA:58,2,1,10
BRDA:60,3,0,32
BRDA:60,3,1,22
BRDA:63,4,0,32
BRDA:63,4,1,7
BRF:10
BRH:10
end_of_record
TN:
SF:src/utils/load-posts.js
FN:1,(anonymous_0)
FN:10,(anonymous_1)
FNF:2
FNH:2
FNDA:3,(anonymous_0)
FNDA:9,(anonymous_1)
DA:1,1
DA:2,3
DA:3,3
DA:5,3
DA:7,3
DA:8,3
DA:10,3
DA:11,9
DA:14,3
LF:9
LH:9
BRF:0
BRH:0
end_of_record
